\BOOKMARK [0][-]{chapter*.1}{\376\377\144\130\000\040\000\040\211\201}{}% 1
\BOOKMARK [0][-]{chapter*.2}{\376\377\000A\000b\000s\000t\000r\000a\000c\000t}{}% 2
\BOOKMARK [0][-]{chapter*.3}{\376\377\166\356\137\125}{}% 3
\BOOKMARK [0][-]{chapter*.4}{\376\377\143\322\126\376}{}% 4
\BOOKMARK [0][-]{chapter*.5}{\376\377\210\150\150\074}{}% 5
\BOOKMARK [0][-]{chapter.1}{\376\377\173\054\116\000\172\340\000\040\000\040\176\352\213\272}{}% 6
\BOOKMARK [1][-]{section.1.1}{\376\377\0001\000.\0001\000\040\170\024\172\166\200\314\146\157}{chapter.1}% 7
\BOOKMARK [2][-]{subsection.1.1.1}{\376\377\0001\000.\0001\000.\0001\000\040\171\373\122\250\177\121\176\334\116\055\166\204\177\121\176\334\176\317\155\116\133\146}{section.1.1}% 8
\BOOKMARK [2][-]{subsection.1.1.2}{\376\377\0001\000.\0001\000.\0002\000\040\171\373\122\250\177\121\176\334\140\047\200\375\117\030\123\026\147\072\122\066\213\276\213\241}{section.1.1}% 9
\BOOKMARK [1][-]{section.1.2}{\376\377\0001\000.\0002\000\040\170\024\172\166\163\260\162\266}{chapter.1}% 10
\BOOKMARK [2][-]{subsection.1.2.1}{\376\377\0001\000.\0002\000.\0001\000\040\171\373\122\250\177\121\176\334\116\055\166\204\177\121\176\334\131\026\220\350\140\047\145\110\136\224}{section.1.2}% 11
\BOOKMARK [2][-]{subsection.1.2.2}{\376\377\0001\000.\0002\000.\0002\000\040\177\244\146\172\141\037\167\345\174\373\176\337\116\055\166\204\145\160\143\156\226\220\171\301\117\335\142\244}{section.1.2}% 12
\BOOKMARK [2][-]{subsection.1.2.3}{\376\377\0001\000.\0002\000.\0003\000\040\230\221\214\061\121\161\116\253\116\055\166\204\117\115\177\156\226\220\171\301\117\335\142\244}{section.1.2}% 13
\BOOKMARK [2][-]{subsection.1.2.4}{\376\377\0001\000.\0002\000.\0004\000\040\171\373\122\250\177\121\176\334\116\055\166\204\227\136\133\214\121\150\164\006\140\047\210\114\116\072}{section.1.2}% 14
\BOOKMARK [1][-]{section.1.3}{\376\377\0001\000.\0003\000\040\147\054\145\207\170\024\172\166\121\205\133\271}{chapter.1}% 15
\BOOKMARK [2][-]{subsection.1.3.1}{\376\377\0001\000.\0003\000.\0001\000\040\170\024\172\166\140\035\215\357}{section.1.3}% 16
\BOOKMARK [2][-]{subsection.1.3.2}{\376\377\0001\000.\0003\000.\0002\000\040\170\024\172\166\121\205\133\271}{section.1.3}% 17
\BOOKMARK [0][-]{chapter.2}{\376\377\173\054\116\214\172\340\000\040\000\040\123\125\221\315\177\121\176\334\131\026\220\350\140\047\116\013\177\244\146\172\141\037\167\345\174\373\176\337\136\163\123\360\142\020\147\054\147\000\134\017\123\026\170\024\172\166}{}% 18
\BOOKMARK [1][-]{section.2.1}{\376\377\0002\000.\0001\000\040\137\025\212\000}{chapter.2}% 19
\BOOKMARK [1][-]{section.2.2}{\376\377\0002\000.\0002\000\040\145\160\143\156\226\220\171\301\117\335\142\244\116\013\166\204\171\373\122\250\177\244\146\172\141\037\167\345\174\373\176\337}{chapter.2}% 20
\BOOKMARK [2][-]{subsection.2.2.1}{\376\377\0002\000.\0002\000.\0001\000\040\174\373\176\337\151\202\121\265}{section.2.2}% 21
\BOOKMARK [2][-]{subsection.2.2.2}{\376\377\0002\000.\0002\000.\0002\000\040\177\244\146\172\141\037\167\345\142\315\123\126\152\041\127\213}{section.2.2}% 22
\BOOKMARK [2][-]{subsection.2.2.3}{\376\377\0002\000.\0002\000.\0003\000\040\135\356\122\006\226\220\171\301\116\013\166\204\145\160\143\156\200\132\124\010}{section.2.2}% 23
\BOOKMARK [2][-]{subsection.2.2.4}{\376\377\0002\000.\0002\000.\0004\000\040\226\220\171\301\116\016\121\306\170\156\140\047}{section.2.2}% 24
\BOOKMARK [1][-]{section.2.3}{\376\377\0002\000.\0003\000\040\155\210\147\201\226\220\171\301\117\335\142\244\116\013\166\204\157\300\122\261\147\072\122\066}{chapter.2}% 25
\BOOKMARK [2][-]{subsection.2.3.1}{\376\377\0002\000.\0003\000.\0001\000\040\145\160\133\146\152\041\127\213}{section.2.3}% 26
\BOOKMARK [2][-]{subsection.2.3.2}{\376\377\0002\000.\0003\000.\0002\000\040\147\072\122\066\213\276\213\241}{section.2.3}% 27
\BOOKMARK [2][-]{subsection.2.3.3}{\376\377\0002\000.\0003\000.\0003\000\040\000D\000P\000D\000A\140\047\200\375\122\006\147\220}{section.2.3}% 28
\BOOKMARK [1][-]{section.2.4}{\376\377\0002\000.\0004\000\040\171\357\147\201\226\220\171\301\117\335\142\244\116\013\166\204\157\300\122\261\147\072\122\066}{chapter.2}% 29
\BOOKMARK [2][-]{subsection.2.4.1}{\376\377\0002\000.\0004\000.\0001\000\040\225\356\230\230\136\372\152\041}{section.2.4}% 30
\BOOKMARK [2][-]{subsection.2.4.2}{\376\377\0002\000.\0004\000.\0002\000\040\147\072\122\066\213\276\213\241}{section.2.4}% 31
\BOOKMARK [2][-]{subsection.2.4.3}{\376\377\0002\000.\0004\000.\0003\000\040\000E\000D\000P\000D\000A\140\047\200\375\122\006\147\220}{section.2.4}% 32
\BOOKMARK [1][-]{section.2.5}{\376\377\0002\000.\0005\000\040\140\047\200\375\213\304\117\060}{chapter.2}% 33
\BOOKMARK [2][-]{subsection.2.5.1}{\376\377\0002\000.\0005\000.\0001\000\040\116\377\167\037\213\276\177\156}{section.2.5}% 34
\BOOKMARK [2][-]{subsection.2.5.2}{\376\377\0002\000.\0005\000.\0002\000\040\176\323\147\234\124\214\213\250\213\272}{section.2.5}% 35
\BOOKMARK [1][-]{section.2.6}{\376\377\0002\000.\0006\000\040\147\054\172\340\134\017\176\323}{chapter.2}% 36
\BOOKMARK [0][-]{chapter.3}{\376\377\173\054\116\011\172\340\000\040\000\040\123\314\221\315\177\121\176\334\131\026\220\350\140\047\116\013\230\221\214\061\121\161\116\253\177\121\176\334\124\036\124\020\221\317\147\000\131\047\123\026\170\024\172\166}{}% 37
\BOOKMARK [1][-]{section.3.1}{\376\377\0003\000.\0001\000\040\137\025\212\000}{chapter.3}% 38
\BOOKMARK [1][-]{section.3.2}{\376\377\0003\000.\0002\000\040\117\115\177\156\226\220\171\301\117\335\142\244\116\013\166\204\230\221\214\061\121\161\116\253\174\373\176\337\152\041\127\213}{chapter.3}% 39
\BOOKMARK [2][-]{subsection.3.2.1}{\376\377\0003\000.\0002\000.\0001\000\040\127\372\147\054\213\276\177\156}{section.3.2}% 40
\BOOKMARK [2][-]{subsection.3.2.2}{\376\377\0003\000.\0002\000.\0002\000\040\224\210\133\371\127\372\116\216\000R\000S\000S\166\204\117\115\177\156\226\220\171\301\145\073\121\373\166\204\226\217\147\072\122\237\163\207\142\160\122\250}{section.3.2}% 41
\BOOKMARK [1][-]{section.3.3}{\376\377\0003\000.\0003\000\040\226\220\171\301\117\335\142\244\116\013\136\046\147\011\171\076\116\244\141\017\213\306\166\204\230\221\214\061\121\161\116\253}{chapter.3}% 42
\BOOKMARK [2][-]{subsection.3.3.1}{\376\377\0003\000.\0003\000.\0001\000\040\230\221\214\061\121\161\116\253\116\055\166\204\171\076\116\244\177\244\117\123\145\110\165\050\147\000\131\047\123\026\377\010\000S\000G\000U\000M\377\011\123\132\137\010}{section.3.3}% 43
\BOOKMARK [2][-]{subsection.3.3.2}{\376\377\0003\000.\0003\000.\0002\000\040\145\340\140\224\133\146\116\140\211\304\122\031\377\010\000N\000o\000-\000r\000e\000g\000r\000e\000t\000\040\000l\000e\000a\000r\000n\000i\000n\000g\000\040\000r\000u\000l\000e\377\011}{section.3.3}% 44
\BOOKMARK [1][-]{section.3.4}{\376\377\0003\000.\0004\000\040\165\050\116\216\226\220\171\301\117\335\142\244\116\013\230\221\214\061\121\161\116\253\166\204\122\006\136\003\137\017\145\340\140\224\133\146\116\140\173\227\154\325}{chapter.3}% 45
\BOOKMARK [2][-]{subsection.3.4.1}{\376\377\0003\000.\0004\000.\0001\000\040\123\314\145\366\225\364\134\072\136\246\145\340\140\224\133\146\116\140\173\227\154\325}{section.3.4}% 46
\BOOKMARK [2][-]{subsection.3.4.2}{\376\377\0003\000.\0004\000.\0002\000\040\145\066\145\133\140\047\122\006\147\220}{section.3.4}% 47
\BOOKMARK [1][-]{section.3.5}{\376\377\0003\000.\0005\000\040\140\047\200\375\213\304\117\060}{chapter.3}% 48
\BOOKMARK [2][-]{subsection.3.5.1}{\376\377\0003\000.\0005\000.\0001\000\040\116\377\167\037\213\276\177\156}{section.3.5}% 49
\BOOKMARK [2][-]{subsection.3.5.2}{\376\377\0003\000.\0005\000.\0002\000\040\176\323\147\234\116\016\213\250\213\272}{section.3.5}% 50
\BOOKMARK [1][-]{section.3.6}{\376\377\0003\000.\0006\000\040\147\054\172\340\134\017\202\202}{chapter.3}% 51
\BOOKMARK [0][-]{chapter.4}{\376\377\173\054\126\333\172\340\000\040\000\040\123\314\221\315\177\121\176\334\131\026\220\350\140\047\116\013\171\373\122\250\145\160\143\156\147\015\122\241\143\320\117\233\125\106\145\066\166\312\147\000\131\047\123\026\170\024\172\166}{}% 52
\BOOKMARK [1][-]{section.4.1}{\376\377\0004\000.\0001\000\040\137\025\212\000}{chapter.4}% 53
\BOOKMARK [1][-]{section.4.2}{\376\377\0004\000.\0002\000\040\171\076\116\244\121\163\174\373\137\161\124\315\116\013\171\373\122\250\145\160\143\156\166\204\116\367\150\074\172\336\116\211}{chapter.4}% 54
\BOOKMARK [2][-]{subsection.4.2.1}{\376\377\0004\000.\0002\000.\0001\000\040\174\373\176\337\152\041\127\213}{section.4.2}% 55
\BOOKMARK [2][-]{subsection.4.2.2}{\376\377\0004\000.\0002\000.\0002\000\040\145\257\130\124\121\113\117\057\150\074\123\132\137\010\136\372\152\041}{section.4.2}% 56
\BOOKMARK [1][-]{section.4.3}{\376\377\0004\000.\0003\000\040\165\050\142\067\145\160\143\156\117\177\165\050\123\132\137\010\116\055\166\204\200\124\176\323\227\000\154\102\127\107\210\141}{chapter.4}% 57
\BOOKMARK [2][-]{subsection.4.3.1}{\376\377\0004\000.\0003\000.\0001\000\040\200\124\176\323\227\000\154\102\127\107\210\141\166\204\133\130\127\050\140\047\116\016\125\057\116\000\140\047}{section.4.3}% 58
\BOOKMARK [1][-]{section.4.4}{\376\377\0004\000.\0004\000\040\164\006\140\047\147\015\122\241\143\320\117\233\125\106\116\113\225\364\166\204\133\232\116\367\123\132\137\010}{chapter.4}% 59
\BOOKMARK [2][-]{subsection.4.4.1}{\376\377\0004\000.\0004\000.\0001\000\040\155\367\124\010\173\126\165\145\133\232\116\367\127\107\210\141\160\271\166\204\133\130\127\050\140\047}{section.4.4}% 60
\BOOKMARK [1][-]{section.4.5}{\376\377\0004\000.\0005\000\040\147\011\226\120\164\006\140\047\147\015\122\241\143\320\117\233\125\106\116\113\225\364\166\204\133\232\116\367\123\132\137\010}{chapter.4}% 61
\BOOKMARK [2][-]{subsection.4.5.1}{\376\377\0004\000.\0005\000.\0001\000\040\122\115\146\157\164\006\213\272\116\013\166\204\143\320\117\233\125\106\145\066\121\145\147\037\147\033}{section.4.5}% 62
\BOOKMARK [2][-]{subsection.4.5.2}{\376\377\0004\000.\0005\000.\0002\000\040\155\367\124\010\173\126\165\145\133\232\116\367\127\107\210\141\160\271\166\204\133\130\127\050\140\047}{section.4.5}% 63
\BOOKMARK [2][-]{subsection.4.5.3}{\376\377\0004\000.\0005\000.\0003\000\040\155\367\124\010\173\126\165\145\133\232\116\367\127\107\210\141\166\204\122\006\136\003\137\017\133\146\116\140\173\227\154\325}{section.4.5}% 64
\BOOKMARK [1][-]{section.4.6}{\376\377\0004\000.\0006\000\040\116\377\167\037\232\214\213\301}{chapter.4}% 65
\BOOKMARK [1][-]{section.4.7}{\376\377\0004\000.\0007\000\040\147\054\172\340\134\017\176\323}{chapter.4}% 66
\BOOKMARK [0][-]{chapter.5}{\376\377\173\054\116\224\172\340\000\040\000\040\140\073\176\323\116\016\134\125\147\033}{}% 67
\BOOKMARK [1][-]{section.5.1}{\376\377\0005\000.\0001\000\040\121\150\145\207\140\073\176\323}{chapter.5}% 68
\BOOKMARK [1][-]{section.5.2}{\376\377\0005\000.\0002\000\040\170\024\172\166\134\125\147\033}{chapter.5}% 69
\BOOKMARK [0][-]{appendix.A}{\376\377\226\104\137\125\000\040\000A\000\040\000\040\173\054\116\214\172\340\166\370\121\163\143\250\133\374\213\301\146\016}{}% 70
\BOOKMARK [1][-]{section.A.1}{\376\377\000A\000.\0001\000\040\133\232\164\006\0002\000.\0004\124\214\143\250\213\272\0002\000.\0005\166\204\213\301\146\016}{appendix.A}% 71
\BOOKMARK [1][-]{section.A.2}{\376\377\000A\000.\0002\000\040\137\025\164\006\0002\000.\0004\000.\0003\166\204\213\301\146\016}{appendix.A}% 72
\BOOKMARK [0][-]{appendix.B}{\376\377\226\104\137\125\000\040\000B\000\040\000\040\173\054\116\011\172\340\166\370\121\163\143\250\133\374\213\301\146\016}{}% 73
\BOOKMARK [1][-]{section.B.1}{\376\377\000B\000.\0001\000\040\133\232\164\006\0003\000.\0002\166\204\213\301\146\016}{appendix.B}% 74
\BOOKMARK [0][-]{appendix*.34}{\376\377\123\302\200\003\145\207\163\056}{}% 75
